Vivado Simulator 2017.2
Copyright 1986-1999, 2001-2016 Xilinx, Inc. All Rights Reserved.
Running: /opt/Xilinx/Vivado/2017.2/bin/unwrapped/lnx64.o/xelab -wto 39a7a8abf0b94a868b6501dd72fe279b --debug typical --relax --mt 8 -L xil_defaultlib -L unisims_ver -L unimacro_ver -L secureip --snapshot TestBench_behav xil_defaultlib.TestBench xil_defaultlib.glbl -log elaborate.log 
Using 8 slave threads.
Starting static elaboration
Completed static elaboration
Starting simulation data flow analysis
WARNING: [XSIM 43-4099] "/home/matthew/Matthew/UCT/2020/Embedded3/Embedded_Prac4/DigitalClock/DigitalClock.srcs/sources_1/imports/Embedded_Prac4/Debounce.v" Line 1. Module Debounce doesn't have a timescale but at least one module in design has a timescale.
WARNING: [XSIM 43-4099] "/home/matthew/Matthew/UCT/2020/Embedded3/Embedded_Prac4/DigitalClock/DigitalClock.srcs/sources_1/imports/Embedded_Prac4/Debounce.v" Line 1. Module Debounce doesn't have a timescale but at least one module in design has a timescale.
WARNING: [XSIM 43-4099] "/home/matthew/Matthew/UCT/2020/Embedded3/Embedded_Prac4/DigitalClock/DigitalClock.srcs/sources_1/imports/Embedded_Prac4/SS_Driver.v" Line 1. Module SS_Driver doesn't have a timescale but at least one module in design has a timescale.
WARNING: [XSIM 43-4099] "/home/matthew/Matthew/UCT/2020/Embedded3/Embedded_Prac4/DigitalClock/DigitalClock.srcs/sources_1/imports/Embedded_Prac4/BCD_Decoder.v" Line 1. Module BCD_Decoder doesn't have a timescale but at least one module in design has a timescale.
WARNING: [XSIM 43-4099] "/home/matthew/Matthew/UCT/2020/Embedded3/Embedded_Prac4/DigitalClock/DigitalClock.srcs/sources_1/imports/Embedded_Prac4/BCD_Decoder.v" Line 1. Module BCD_Decoder doesn't have a timescale but at least one module in design has a timescale.
WARNING: [XSIM 43-4099] "/home/matthew/Matthew/UCT/2020/Embedded3/Embedded_Prac4/DigitalClock/DigitalClock.srcs/sources_1/imports/Embedded_Prac4/BCD_Decoder.v" Line 1. Module BCD_Decoder doesn't have a timescale but at least one module in design has a timescale.
WARNING: [XSIM 43-4099] "/home/matthew/Matthew/UCT/2020/Embedded3/Embedded_Prac4/DigitalClock/DigitalClock.srcs/sources_1/imports/Embedded_Prac4/BCD_Decoder.v" Line 1. Module BCD_Decoder doesn't have a timescale but at least one module in design has a timescale.
WARNING: [XSIM 43-4099] "/home/matthew/Matthew/UCT/2020/Embedded3/Embedded_Prac4/DigitalClock/DigitalClock.srcs/sources_1/imports/Embedded_Prac4/BCD_Decoder.v" Line 1. Module BCD_Decoder doesn't have a timescale but at least one module in design has a timescale.
WARNING: [XSIM 43-4099] "/home/matthew/Matthew/UCT/2020/Embedded3/Embedded_Prac4/DigitalClock/DigitalClock.srcs/sources_1/imports/Embedded_Prac4/BCD_Decoder.v" Line 1. Module BCD_Decoder doesn't have a timescale but at least one module in design has a timescale.
WARNING: [XSIM 43-4099] "/home/matthew/Matthew/UCT/2020/Embedded3/Embedded_Prac4/DigitalClock/DigitalClock.srcs/sources_1/imports/Embedded_Prac4/BCD_Decoder.v" Line 1. Module BCD_Decoder doesn't have a timescale but at least one module in design has a timescale.
WARNING: [XSIM 43-4099] "/home/matthew/Matthew/UCT/2020/Embedded3/Embedded_Prac4/DigitalClock/DigitalClock.srcs/sources_1/imports/Embedded_Prac4/BCD_Decoder.v" Line 1. Module BCD_Decoder doesn't have a timescale but at least one module in design has a timescale.
Completed simulation data flow analysis
Time Resolution for simulation is 1ps
Compiling module xil_defaultlib.Debounce
Compiling module xil_defaultlib.PWM
Compiling module xil_defaultlib.BCD_Decoder
Compiling module xil_defaultlib.SS_Driver
Compiling module xil_defaultlib.WallClock
Compiling module xil_defaultlib.TestBench
Compiling module xil_defaultlib.glbl
Built simulation snapshot TestBench_behav
