
*** Running vivado
    with args -log WallClock.vds -m64 -product Vivado -mode batch -messageDb vivado.pb -notrace -source WallClock.tcl


****** Vivado v2017.2 (64-bit)
  **** SW Build 1909853 on Thu Jun 15 18:39:10 MDT 2017
  **** IP Build 1909766 on Thu Jun 15 19:58:00 MDT 2017
    ** Copyright 1986-2017 Xilinx, Inc. All Rights Reserved.

source WallClock.tcl -notrace
Command: synth_design -top WallClock -part xc7a100tcsg324-1
Starting synth_design
Attempting to get a license for feature 'Synthesis' and/or device 'xc7a100t-csg324'
INFO: [Common 17-349] Got license for feature 'Synthesis' and/or device 'xc7a100t-csg324'
INFO: Launching helper process for spawning children vivado processes
INFO: Helper process launched with PID 14533 
---------------------------------------------------------------------------------
Starting RTL Elaboration : Time (s): cpu = 00:00:03 ; elapsed = 00:00:03 . Memory (MB): peak = 1179.469 ; gain = 71.996 ; free physical = 971 ; free virtual = 4143
---------------------------------------------------------------------------------
INFO: [Synth 8-638] synthesizing module 'WallClock' [/home/matthew/Matthew/UCT/2020/Embedded3/Embedded_Prac4/DigitalClock/DigitalClock.srcs/sources_1/imports/Embedded_Prac4/Clock.v:3]
	Parameter start bound to: 3'b000 
	Parameter running bound to: 3'b001 
	Parameter incMin bound to: 3'b010 
	Parameter incHr bound to: 3'b011 
	Parameter incSec bound to: 3'b100 
INFO: [Synth 8-638] synthesizing module 'SS_Driver' [/home/matthew/Matthew/UCT/2020/Embedded3/Embedded_Prac4/DigitalClock/DigitalClock.srcs/sources_1/imports/Embedded_Prac4/SS_Driver.v:1]
INFO: [Synth 8-638] synthesizing module 'BCD_Decoder' [/home/matthew/Matthew/UCT/2020/Embedded3/Embedded_Prac4/DigitalClock/DigitalClock.srcs/sources_1/imports/Embedded_Prac4/BCD_Decoder.v:1]
INFO: [Synth 8-256] done synthesizing module 'BCD_Decoder' (1#1) [/home/matthew/Matthew/UCT/2020/Embedded3/Embedded_Prac4/DigitalClock/DigitalClock.srcs/sources_1/imports/Embedded_Prac4/BCD_Decoder.v:1]
INFO: [Synth 8-256] done synthesizing module 'SS_Driver' (2#1) [/home/matthew/Matthew/UCT/2020/Embedded3/Embedded_Prac4/DigitalClock/DigitalClock.srcs/sources_1/imports/Embedded_Prac4/SS_Driver.v:1]
INFO: [Synth 8-155] case statement is not full and has no default [/home/matthew/Matthew/UCT/2020/Embedded3/Embedded_Prac4/DigitalClock/DigitalClock.srcs/sources_1/imports/Embedded_Prac4/Clock.v:98]
INFO: [Synth 8-256] done synthesizing module 'WallClock' (3#1) [/home/matthew/Matthew/UCT/2020/Embedded3/Embedded_Prac4/DigitalClock/DigitalClock.srcs/sources_1/imports/Embedded_Prac4/Clock.v:3]
---------------------------------------------------------------------------------
Finished RTL Elaboration : Time (s): cpu = 00:00:04 ; elapsed = 00:00:04 . Memory (MB): peak = 1219.969 ; gain = 112.496 ; free physical = 979 ; free virtual = 4152
---------------------------------------------------------------------------------

Report Check Netlist: 
+------+------------------+-------+---------+-------+------------------+
|      |Item              |Errors |Warnings |Status |Description       |
+------+------------------+-------+---------+-------+------------------+
|1     |multi_driven_nets |      0|        0|Passed |Multi driven nets |
+------+------------------+-------+---------+-------+------------------+
---------------------------------------------------------------------------------
Finished RTL Optimization Phase 1 : Time (s): cpu = 00:00:04 ; elapsed = 00:00:04 . Memory (MB): peak = 1219.969 ; gain = 112.496 ; free physical = 981 ; free virtual = 4153
---------------------------------------------------------------------------------
INFO: [Device 21-403] Loading part xc7a100tcsg324-1
INFO: [Project 1-570] Preparing netlist for logic optimization

Processing XDC Constraints
Initializing timing engine
Parsing XDC File [/home/matthew/Matthew/UCT/2020/Embedded3/Embedded_Prac4/DigitalClock/DigitalClock.srcs/constrs_1/new/constraints.xdc]
Finished Parsing XDC File [/home/matthew/Matthew/UCT/2020/Embedded3/Embedded_Prac4/DigitalClock/DigitalClock.srcs/constrs_1/new/constraints.xdc]
INFO: [Project 1-236] Implementation specific constraints were found while reading constraint file [/home/matthew/Matthew/UCT/2020/Embedded3/Embedded_Prac4/DigitalClock/DigitalClock.srcs/constrs_1/new/constraints.xdc]. These constraints will be ignored for synthesis but will be used in implementation. Impacted constraints are listed in the file [.Xil/WallClock_propImpl.xdc].
Resolution: To avoid this warning, move constraints listed in [.Xil/WallClock_propImpl.xdc] to another XDC file and exclude this new file from synthesis with the used_in_synthesis property (File Properties dialog in GUI) and re-run elaboration/synthesis.
Completed Processing XDC Constraints

INFO: [Project 1-111] Unisim Transformation Summary:
No Unisim elements were transformed.

Constraint Validation Runtime : Time (s): cpu = 00:00:00 ; elapsed = 00:00:00.01 . Memory (MB): peak = 1580.109 ; gain = 0.000 ; free physical = 734 ; free virtual = 3906
---------------------------------------------------------------------------------
Finished Constraint Validation : Time (s): cpu = 00:00:11 ; elapsed = 00:00:11 . Memory (MB): peak = 1580.109 ; gain = 472.637 ; free physical = 810 ; free virtual = 3983
---------------------------------------------------------------------------------
---------------------------------------------------------------------------------
Start Loading Part and Timing Information
---------------------------------------------------------------------------------
Loading part: xc7a100tcsg324-1
---------------------------------------------------------------------------------
Finished Loading Part and Timing Information : Time (s): cpu = 00:00:11 ; elapsed = 00:00:11 . Memory (MB): peak = 1580.109 ; gain = 472.637 ; free physical = 810 ; free virtual = 3983
---------------------------------------------------------------------------------
---------------------------------------------------------------------------------
Start Applying 'set_property' XDC Constraints
---------------------------------------------------------------------------------
---------------------------------------------------------------------------------
Finished applying 'set_property' XDC Constraints : Time (s): cpu = 00:00:11 ; elapsed = 00:00:11 . Memory (MB): peak = 1580.109 ; gain = 472.637 ; free physical = 812 ; free virtual = 3985
---------------------------------------------------------------------------------
WARNING: [Synth 8-6014] Unused sequential element Count_reg was removed.  [/home/matthew/Matthew/UCT/2020/Embedded3/Embedded_Prac4/DigitalClock/DigitalClock.srcs/sources_1/imports/Embedded_Prac4/SS_Driver.v:26]
INFO: [Synth 8-802] inferred FSM for state register 'currentState_reg' in module 'WallClock'
WARNING: [Synth 8-6014] Unused sequential element currentState_reg was removed.  [/home/matthew/Matthew/UCT/2020/Embedded3/Embedded_Prac4/DigitalClock/DigitalClock.srcs/sources_1/imports/Embedded_Prac4/Clock.v:71]
WARNING: [Synth 8-6014] Unused sequential element nextState_reg was removed.  [/home/matthew/Matthew/UCT/2020/Embedded3/Embedded_Prac4/DigitalClock/DigitalClock.srcs/sources_1/imports/Embedded_Prac4/Clock.v:79]
INFO: [Synth 8-5544] ROM "hours" won't be mapped to Block RAM because address size (3) smaller than threshold (5)
INFO: [Synth 8-5544] ROM "minutes" won't be mapped to Block RAM because address size (3) smaller than threshold (5)
INFO: [Synth 8-5544] ROM "seconds" won't be mapped to Block RAM because address size (3) smaller than threshold (5)
WARNING: [Synth 8-6014] Unused sequential element currentState_reg was removed.  [/home/matthew/Matthew/UCT/2020/Embedded3/Embedded_Prac4/DigitalClock/DigitalClock.srcs/sources_1/imports/Embedded_Prac4/Clock.v:71]
WARNING: [Synth 8-6014] Unused sequential element currentState_reg was removed.  [/home/matthew/Matthew/UCT/2020/Embedded3/Embedded_Prac4/DigitalClock/DigitalClock.srcs/sources_1/imports/Embedded_Prac4/Clock.v:71]
---------------------------------------------------------------------------------------------------
                   State |                     New Encoding |                Previous Encoding 
---------------------------------------------------------------------------------------------------
                   start |                              000 |                              000
                 running |                              001 |                              001
                  incSec |                              010 |                              100
                  incMin |                              011 |                              010
                   incHr |                              100 |                              011
---------------------------------------------------------------------------------------------------
INFO: [Synth 8-3354] encoded FSM with state register 'currentState_reg' using encoding 'sequential' in module 'WallClock'
WARNING: [Synth 8-6014] Unused sequential element currentState_reg was removed.  [/home/matthew/Matthew/UCT/2020/Embedded3/Embedded_Prac4/DigitalClock/DigitalClock.srcs/sources_1/imports/Embedded_Prac4/Clock.v:71]
WARNING: [Synth 8-6014] Unused sequential element nextState_reg was removed.  [/home/matthew/Matthew/UCT/2020/Embedded3/Embedded_Prac4/DigitalClock/DigitalClock.srcs/sources_1/imports/Embedded_Prac4/Clock.v:79]
---------------------------------------------------------------------------------
Finished RTL Optimization Phase 2 : Time (s): cpu = 00:00:11 ; elapsed = 00:00:11 . Memory (MB): peak = 1580.109 ; gain = 472.637 ; free physical = 803 ; free virtual = 3976
---------------------------------------------------------------------------------

Report RTL Partitions: 
+-+--------------+------------+----------+
| |RTL Partition |Replication |Instances |
+-+--------------+------------+----------+
+-+--------------+------------+----------+
---------------------------------------------------------------------------------
Start RTL Component Statistics 
---------------------------------------------------------------------------------
Detailed RTL Component Info : 
+---Adders : 
	   2 Input     27 Bit       Adders := 1     
	   2 Input      6 Bit       Adders := 2     
	   2 Input      5 Bit       Adders := 1     
+---Registers : 
	               27 Bit    Registers := 1     
	                8 Bit    Registers := 3     
	                6 Bit    Registers := 2     
	                5 Bit    Registers := 1     
	                4 Bit    Registers := 3     
	                3 Bit    Registers := 2     
	                2 Bit    Registers := 1     
+---Muxes : 
	   2 Input     27 Bit        Muxes := 1     
	   2 Input      7 Bit        Muxes := 1     
	   5 Input      6 Bit        Muxes := 2     
	   5 Input      5 Bit        Muxes := 1     
	   5 Input      3 Bit        Muxes := 1     
	  10 Input      3 Bit        Muxes := 1     
	   5 Input      1 Bit        Muxes := 3     
---------------------------------------------------------------------------------
Finished RTL Component Statistics 
---------------------------------------------------------------------------------
---------------------------------------------------------------------------------
Start RTL Hierarchical Component Statistics 
---------------------------------------------------------------------------------
Hierarchical RTL Component report 
Module WallClock 
Detailed RTL Component Info : 
+---Adders : 
	   2 Input     27 Bit       Adders := 1     
	   2 Input      6 Bit       Adders := 2     
	   2 Input      5 Bit       Adders := 1     
+---Registers : 
	               27 Bit    Registers := 1     
	                8 Bit    Registers := 2     
	                6 Bit    Registers := 2     
	                5 Bit    Registers := 1     
	                4 Bit    Registers := 3     
	                3 Bit    Registers := 2     
	                2 Bit    Registers := 1     
+---Muxes : 
	   2 Input     27 Bit        Muxes := 1     
	   5 Input      6 Bit        Muxes := 2     
	   5 Input      5 Bit        Muxes := 1     
	   5 Input      3 Bit        Muxes := 1     
	  10 Input      3 Bit        Muxes := 1     
	   5 Input      1 Bit        Muxes := 3     
Module SS_Driver 
Detailed RTL Component Info : 
+---Registers : 
	                8 Bit    Registers := 1     
+---Muxes : 
	   2 Input      7 Bit        Muxes := 1     
---------------------------------------------------------------------------------
Finished RTL Hierarchical Component Statistics
---------------------------------------------------------------------------------
---------------------------------------------------------------------------------
Start Part Resource Summary
---------------------------------------------------------------------------------
Part Resources:
DSPs: 240 (col length:80)
BRAMs: 270 (col length: RAMB18 80 RAMB36 40)
---------------------------------------------------------------------------------
Finished Part Resource Summary
---------------------------------------------------------------------------------
---------------------------------------------------------------------------------
Start Cross Boundary and Area Optimization
---------------------------------------------------------------------------------
WARNING: [Synth 8-6014] Unused sequential element SS_Driver1/Count_reg was removed.  [/home/matthew/Matthew/UCT/2020/Embedded3/Embedded_Prac4/DigitalClock/DigitalClock.srcs/sources_1/imports/Embedded_Prac4/SS_Driver.v:26]
INFO: [Synth 8-3886] merging instance 'AN_reg[2]' (FD) to 'AN_reg[3]'
INFO: [Synth 8-3886] merging instance 'AN_reg[3]' (FD) to 'SS_reg[7]'
INFO: [Synth 8-3333] propagating constant 1 across sequential element (\SS_reg[7] )
WARNING: [Synth 8-3332] Sequential element (SS_reg[7]) is unused and will be removed from module WallClock.
---------------------------------------------------------------------------------
Finished Cross Boundary and Area Optimization : Time (s): cpu = 00:00:12 ; elapsed = 00:00:13 . Memory (MB): peak = 1580.109 ; gain = 472.637 ; free physical = 787 ; free virtual = 3960
---------------------------------------------------------------------------------

Report RTL Partitions: 
+-+--------------+------------+----------+
| |RTL Partition |Replication |Instances |
+-+--------------+------------+----------+
+-+--------------+------------+----------+
---------------------------------------------------------------------------------
Start Applying XDC Timing Constraints
---------------------------------------------------------------------------------
---------------------------------------------------------------------------------
Finished Applying XDC Timing Constraints : Time (s): cpu = 00:00:17 ; elapsed = 00:00:18 . Memory (MB): peak = 1580.109 ; gain = 472.637 ; free physical = 664 ; free virtual = 3837
---------------------------------------------------------------------------------
---------------------------------------------------------------------------------
Start Timing Optimization
---------------------------------------------------------------------------------
---------------------------------------------------------------------------------
Finished Timing Optimization : Time (s): cpu = 00:00:17 ; elapsed = 00:00:18 . Memory (MB): peak = 1580.109 ; gain = 472.637 ; free physical = 662 ; free virtual = 3835
---------------------------------------------------------------------------------

Report RTL Partitions: 
+-+--------------+------------+----------+
| |RTL Partition |Replication |Instances |
+-+--------------+------------+----------+
+-+--------------+------------+----------+
---------------------------------------------------------------------------------
Start Technology Mapping
---------------------------------------------------------------------------------
---------------------------------------------------------------------------------
Finished Technology Mapping : Time (s): cpu = 00:00:18 ; elapsed = 00:00:18 . Memory (MB): peak = 1580.109 ; gain = 472.637 ; free physical = 661 ; free virtual = 3834
---------------------------------------------------------------------------------

Report RTL Partitions: 
+-+--------------+------------+----------+
| |RTL Partition |Replication |Instances |
+-+--------------+------------+----------+
+-+--------------+------------+----------+
---------------------------------------------------------------------------------
Start IO Insertion
---------------------------------------------------------------------------------
---------------------------------------------------------------------------------
Start Flattening Before IO Insertion
---------------------------------------------------------------------------------
---------------------------------------------------------------------------------
Finished Flattening Before IO Insertion
---------------------------------------------------------------------------------
---------------------------------------------------------------------------------
Start Final Netlist Cleanup
---------------------------------------------------------------------------------
---------------------------------------------------------------------------------
Finished Final Netlist Cleanup
---------------------------------------------------------------------------------
---------------------------------------------------------------------------------
Finished IO Insertion : Time (s): cpu = 00:00:18 ; elapsed = 00:00:18 . Memory (MB): peak = 1580.109 ; gain = 472.637 ; free physical = 661 ; free virtual = 3834
---------------------------------------------------------------------------------

Report Check Netlist: 
+------+------------------+-------+---------+-------+------------------+
|      |Item              |Errors |Warnings |Status |Description       |
+------+------------------+-------+---------+-------+------------------+
|1     |multi_driven_nets |      0|        0|Passed |Multi driven nets |
+------+------------------+-------+---------+-------+------------------+
---------------------------------------------------------------------------------
Start Renaming Generated Instances
---------------------------------------------------------------------------------
---------------------------------------------------------------------------------
Finished Renaming Generated Instances : Time (s): cpu = 00:00:18 ; elapsed = 00:00:18 . Memory (MB): peak = 1580.109 ; gain = 472.637 ; free physical = 661 ; free virtual = 3834
---------------------------------------------------------------------------------

Report RTL Partitions: 
+-+--------------+------------+----------+
| |RTL Partition |Replication |Instances |
+-+--------------+------------+----------+
+-+--------------+------------+----------+
---------------------------------------------------------------------------------
Start Rebuilding User Hierarchy
---------------------------------------------------------------------------------
---------------------------------------------------------------------------------
Finished Rebuilding User Hierarchy : Time (s): cpu = 00:00:18 ; elapsed = 00:00:18 . Memory (MB): peak = 1580.109 ; gain = 472.637 ; free physical = 661 ; free virtual = 3834
---------------------------------------------------------------------------------
---------------------------------------------------------------------------------
Start Renaming Generated Ports
---------------------------------------------------------------------------------
---------------------------------------------------------------------------------
Finished Renaming Generated Ports : Time (s): cpu = 00:00:18 ; elapsed = 00:00:18 . Memory (MB): peak = 1580.109 ; gain = 472.637 ; free physical = 661 ; free virtual = 3834
---------------------------------------------------------------------------------
---------------------------------------------------------------------------------
Start Handling Custom Attributes
---------------------------------------------------------------------------------
---------------------------------------------------------------------------------
Finished Handling Custom Attributes : Time (s): cpu = 00:00:18 ; elapsed = 00:00:18 . Memory (MB): peak = 1580.109 ; gain = 472.637 ; free physical = 661 ; free virtual = 3834
---------------------------------------------------------------------------------
---------------------------------------------------------------------------------
Start Renaming Generated Nets
---------------------------------------------------------------------------------
---------------------------------------------------------------------------------
Finished Renaming Generated Nets : Time (s): cpu = 00:00:18 ; elapsed = 00:00:18 . Memory (MB): peak = 1580.109 ; gain = 472.637 ; free physical = 661 ; free virtual = 3834
---------------------------------------------------------------------------------
---------------------------------------------------------------------------------
Start Writing Synthesis Report
---------------------------------------------------------------------------------

Report BlackBoxes: 
+-+--------------+----------+
| |BlackBox name |Instances |
+-+--------------+----------+
+-+--------------+----------+

Report Cell Usage: 
+------+-------+------+
|      |Cell   |Count |
+------+-------+------+
|1     |BUFG   |     1|
|2     |CARRY4 |    12|
|3     |LUT1   |    46|
|4     |LUT2   |    13|
|5     |LUT3   |    14|
|6     |LUT4   |    56|
|7     |LUT5   |    33|
|8     |LUT6   |    31|
|9     |FDRE   |   101|
|10    |FDSE   |     7|
|11    |IBUF   |     2|
|12    |OBUF   |    16|
+------+-------+------+

Report Instance Areas: 
+------+-------------+----------+------+
|      |Instance     |Module    |Cells |
+------+-------------+----------+------+
|1     |top          |          |   332|
|2     |  SS_Driver1 |SS_Driver |   100|
+------+-------------+----------+------+
---------------------------------------------------------------------------------
Finished Writing Synthesis Report : Time (s): cpu = 00:00:18 ; elapsed = 00:00:18 . Memory (MB): peak = 1580.109 ; gain = 472.637 ; free physical = 661 ; free virtual = 3834
---------------------------------------------------------------------------------
Synthesis finished with 0 errors, 0 critical warnings and 9 warnings.
Synthesis Optimization Runtime : Time (s): cpu = 00:00:14 ; elapsed = 00:00:14 . Memory (MB): peak = 1580.109 ; gain = 112.496 ; free physical = 715 ; free virtual = 3887
Synthesis Optimization Complete : Time (s): cpu = 00:00:18 ; elapsed = 00:00:19 . Memory (MB): peak = 1580.109 ; gain = 472.637 ; free physical = 715 ; free virtual = 3887
INFO: [Project 1-571] Translating synthesized netlist
INFO: [Netlist 29-17] Analyzing 14 Unisim elements for replacement
INFO: [Netlist 29-28] Unisim Transformation completed in 0 CPU seconds
INFO: [Project 1-570] Preparing netlist for logic optimization
INFO: [Opt 31-138] Pushed 0 inverter(s) to 0 load pin(s).
INFO: [Project 1-111] Unisim Transformation Summary:
No Unisim elements were transformed.

26 Infos, 9 Warnings, 0 Critical Warnings and 0 Errors encountered.
synth_design completed successfully
synth_design: Time (s): cpu = 00:00:19 ; elapsed = 00:00:20 . Memory (MB): peak = 1580.109 ; gain = 485.223 ; free physical = 685 ; free virtual = 3857
INFO: [Common 17-1381] The checkpoint '/home/matthew/Matthew/UCT/2020/Embedded3/Embedded_Prac4/DigitalClock/DigitalClock.runs/synth_1/WallClock.dcp' has been generated.
report_utilization: Time (s): cpu = 00:00:00.06 ; elapsed = 00:00:00.10 . Memory (MB): peak = 1604.121 ; gain = 0.000 ; free physical = 685 ; free virtual = 3858
INFO: [Common 17-206] Exiting Vivado at Fri Apr 10 02:31:17 2020...
